<?xml version="1.0" encoding="UTF-8"?>
<testsuite name="programmers.greedy.Solution42861Test" tests="1" skipped="0" failures="0" errors="0" timestamp="2023-09-18T09:45:08" hostname="adminui-MacBookPro.local" time="0.052">
  <properties/>
  <testcase name="solution()" classname="programmers.greedy.Solution42861Test" time="0.052"/>
  <system-out><![CDATA[]]></system-out>
  <system-err><![CDATA[]]></system-err>
</testsuite>
